[2014-06-22 15:35:46] request.ERROR: Uncaught PHP Exception Symfony\Component\HttpKernel\Exception\NotFoundHttpException: "No route found for "GET /bundles/sofidcommercant/images/favicon2.ico"" at F:\wamp\www\armel_symfony\vendor\symfony\symfony\src\Symfony\Component\HttpKernel\EventListener\RouterListener.php line 94 [] []
[2014-06-22 15:35:53] request.ERROR: Uncaught PHP Exception Symfony\Component\HttpKernel\Exception\NotFoundHttpException: "No route found for "GET /bundles/sofidcommercant/images/favicon2.ico"" at F:\wamp\www\armel_symfony\vendor\symfony\symfony\src\Symfony\Component\HttpKernel\EventListener\RouterListener.php line 94 [] []
[2014-06-22 15:39:20] request.ERROR: Uncaught PHP Exception Symfony\Component\HttpKernel\Exception\NotFoundHttpException: "No route found for "GET /profile/images/icon/totop.png"" at F:\wamp\www\armel_symfony\app\cache\prod\classes.php line 3627 [] []
[2014-06-22 15:39:36] request.ERROR: Uncaught PHP Exception Symfony\Component\HttpKernel\Exception\NotFoundHttpException: "No route found for "GET /admin"" at F:\wamp\www\armel_symfony\app\cache\prod\classes.php line 3627 [] []
[2014-06-22 15:53:36] request.ERROR: Uncaught PHP Exception Symfony\Component\HttpKernel\Exception\NotFoundHttpException: "No route found for "GET /admin/images/icon/totop.png"" at F:\wamp\www\armel_symfony\app\cache\prod\classes.php line 3627 [] []
[2014-06-22 16:09:15] request.ERROR: Uncaught PHP Exception Symfony\Component\HttpKernel\Exception\NotFoundHttpException: "No route found for "GET /api"" at F:\wamp\www\armel_symfony\app\cache\prod\classes.php line 3627 [] []
[2014-06-23 01:10:29] request.ERROR: Uncaught PHP Exception Symfony\Component\HttpKernel\Exception\NotFoundHttpException: "No route found for "GET /bundles/sofidcommercant/images/favicon2.ico"" at F:\wamp\www\armel_symfony\app\cache\prod\classes.php line 3627 [] []
[2014-06-23 01:10:30] request.ERROR: Uncaught PHP Exception Symfony\Component\HttpKernel\Exception\NotFoundHttpException: "No route found for "GET /bundles/sofidcommercant/images/favicon2.ico"" at F:\wamp\www\armel_symfony\app\cache\prod\classes.php line 3627 [] []
[2014-06-24 00:45:25] request.ERROR: Uncaught PHP Exception Symfony\Component\HttpKernel\Exception\NotFoundHttpException: "No route found for "GET /bundles/sofidcommercant/images/favicon2.ico"" at F:\wamp\www\armel_symfony\app\cache\prod\classes.php line 3627 [] []
[2014-06-24 00:45:26] request.ERROR: Uncaught PHP Exception Symfony\Component\HttpKernel\Exception\NotFoundHttpException: "No route found for "GET /bundles/sofidcommercant/images/favicon2.ico"" at F:\wamp\www\armel_symfony\app\cache\prod\classes.php line 3627 [] []
[2014-06-24 00:46:27] request.ERROR: Uncaught PHP Exception Symfony\Component\HttpKernel\Exception\NotFoundHttpException: "No route found for "GET /bundles/sofidcommercant/images/favicon2.ico"" at F:\wamp\www\armel_symfony\app\cache\prod\classes.php line 3627 [] []
[2014-06-24 23:33:50] request.ERROR: Uncaught PHP Exception Symfony\Component\HttpKernel\Exception\NotFoundHttpException: "No route found for "GET /bundles/sofidcommercant/images/favicon2.ico"" at F:\wamp\www\armel_symfony\vendor\symfony\symfony\src\Symfony\Component\HttpKernel\EventListener\RouterListener.php line 94 [] []
[2014-06-24 23:33:58] request.ERROR: Uncaught PHP Exception Symfony\Component\HttpKernel\Exception\NotFoundHttpException: "No route found for "GET /bundles/sofidcommercant/images/favicon2.ico"" at F:\wamp\www\armel_symfony\vendor\symfony\symfony\src\Symfony\Component\HttpKernel\EventListener\RouterListener.php line 94 [] []
[2014-06-26 01:19:32] request.ERROR: Uncaught PHP Exception Symfony\Component\HttpKernel\Exception\NotFoundHttpException: "No route found for "GET /bundles/sofidcommercant/images/favicon2.ico"" at F:\wamp\www\armel_symfony\app\cache\prod\classes.php line 3627 [] []
[2014-06-26 01:19:34] request.ERROR: Uncaught PHP Exception Symfony\Component\HttpKernel\Exception\NotFoundHttpException: "No route found for "GET /bundles/sofidcommercant/images/favicon2.ico"" at F:\wamp\www\armel_symfony\app\cache\prod\classes.php line 3627 [] []
[2014-06-26 23:15:57] request.ERROR: Uncaught PHP Exception Symfony\Component\HttpKernel\Exception\NotFoundHttpException: "No route found for "GET /bundles/sofidcommercant/images/favicon2.ico"" at F:\wamp\www\armel_symfony\app\cache\prod\classes.php line 3627 [] []
[2014-06-26 23:15:58] request.ERROR: Uncaught PHP Exception Symfony\Component\HttpKernel\Exception\NotFoundHttpException: "No route found for "GET /bundles/sofidcommercant/images/favicon2.ico"" at F:\wamp\www\armel_symfony\app\cache\prod\classes.php line 3627 [] []
[2014-06-27 00:13:50] request.ERROR: Uncaught PHP Exception Symfony\Component\HttpKernel\Exception\NotFoundHttpException: "No route found for "GET /bundles/sofidcommercant/images/favicon2.ico"" at F:\wamp\www\armel_symfony\vendor\symfony\symfony\src\Symfony\Component\HttpKernel\EventListener\RouterListener.php line 94 [] []
[2014-06-27 00:13:54] request.ERROR: Uncaught PHP Exception Symfony\Component\HttpKernel\Exception\NotFoundHttpException: "No route found for "GET /bundles/sofidcommercant/images/favicon2.ico"" at F:\wamp\www\armel_symfony\vendor\symfony\symfony\src\Symfony\Component\HttpKernel\EventListener\RouterListener.php line 94 [] []
[2014-06-28 16:10:32] request.ERROR: Uncaught PHP Exception Symfony\Component\HttpKernel\Exception\NotFoundHttpException: "No route found for "GET /bundles/sofidcommercant/images/favicon2.ico"" at F:\wamp\www\armel_symfony\app\cache\prod\classes.php line 3627 [] []
[2014-06-28 16:10:33] request.ERROR: Uncaught PHP Exception Symfony\Component\HttpKernel\Exception\NotFoundHttpException: "No route found for "GET /bundles/sofidcommercant/images/favicon2.ico"" at F:\wamp\www\armel_symfony\app\cache\prod\classes.php line 3627 [] []
[2014-06-28 17:18:49] request.ERROR: Uncaught PHP Exception Symfony\Component\HttpKernel\Exception\NotFoundHttpException: "No route found for "GET /bundles/sofidcommercant/images/favicon2.ico"" at F:\wamp\www\armel_symfony\app\cache\prod\classes.php line 3627 [] []
[2014-06-28 17:18:51] request.ERROR: Uncaught PHP Exception Symfony\Component\HttpKernel\Exception\NotFoundHttpException: "No route found for "GET /bundles/sofidcommercant/images/favicon2.ico"" at F:\wamp\www\armel_symfony\app\cache\prod\classes.php line 3627 [] []
[2014-06-29 16:22:04] request.ERROR: Uncaught PHP Exception Symfony\Component\HttpKernel\Exception\NotFoundHttpException: "No route found for "GET /bundles/sofidcommercant/images/favicon2.ico"" at F:\wamp\www\armel_symfony\app\cache\prod\classes.php line 3627 [] []
[2014-06-29 16:22:06] request.ERROR: Uncaught PHP Exception Symfony\Component\HttpKernel\Exception\NotFoundHttpException: "No route found for "GET /bundles/sofidcommercant/images/favicon2.ico"" at F:\wamp\www\armel_symfony\app\cache\prod\classes.php line 3627 [] []
[2014-06-29 18:29:50] request.ERROR: Uncaught PHP Exception Symfony\Component\HttpKernel\Exception\NotFoundHttpException: "No route found for "GET /bundles/sofidcommercant/images/favicon2.ico"" at F:\wamp\www\armel_symfony\app\cache\prod\classes.php line 3627 [] []
[2014-06-29 18:29:51] request.ERROR: Uncaught PHP Exception Symfony\Component\HttpKernel\Exception\NotFoundHttpException: "No route found for "GET /bundles/sofidcommercant/images/favicon2.ico"" at F:\wamp\www\armel_symfony\app\cache\prod\classes.php line 3627 [] []
[2014-06-30 01:18:31] request.ERROR: Uncaught PHP Exception Symfony\Component\HttpKernel\Exception\NotFoundHttpException: "No route found for "GET /bundles/sofidcommercant/images/favicon2.ico"" at F:\wamp\www\armel_symfony\app\cache\prod\classes.php line 3627 [] []
[2014-06-30 01:18:32] request.ERROR: Uncaught PHP Exception Symfony\Component\HttpKernel\Exception\NotFoundHttpException: "No route found for "GET /bundles/sofidcommercant/images/favicon2.ico"" at F:\wamp\www\armel_symfony\app\cache\prod\classes.php line 3627 [] []
[2014-06-30 01:24:31] request.ERROR: Uncaught PHP Exception Symfony\Component\HttpKernel\Exception\NotFoundHttpException: "No route found for "GET /bundles/sofidcommercant/images/favicon2.ico"" at F:\wamp\www\armel_symfony\app\cache\prod\classes.php line 3627 [] []
[2014-06-30 01:24:32] request.ERROR: Uncaught PHP Exception Symfony\Component\HttpKernel\Exception\NotFoundHttpException: "No route found for "GET /bundles/sofidcommercant/images/favicon2.ico"" at F:\wamp\www\armel_symfony\app\cache\prod\classes.php line 3627 [] []
[2014-06-30 01:50:13] request.ERROR: Uncaught PHP Exception Symfony\Component\HttpKernel\Exception\NotFoundHttpException: "No route found for "GET /bundles/sofidcommercant/images/icon/gray_18/Email-Filter-24"" at F:\wamp\www\armel_symfony\app\cache\prod\classes.php line 3627 [] []
[2014-06-30 01:50:21] request.ERROR: Uncaught PHP Exception Symfony\Component\HttpKernel\Exception\NotFoundHttpException: "No route found for "GET /bundles/sofidcommercant/images/icon/gray_18/Email-Filter-24."" at F:\wamp\www\armel_symfony\app\cache\prod\classes.php line 3627 [] []
[2014-06-30 01:50:22] request.ERROR: Uncaught PHP Exception Symfony\Component\HttpKernel\Exception\NotFoundHttpException: "No route found for "GET /bundles/sofidcommercant/images/icon/gray_18/Email-Filter-24.p"" at F:\wamp\www\armel_symfony\app\cache\prod\classes.php line 3627 [] []
[2014-06-30 01:50:22] request.ERROR: Uncaught PHP Exception Symfony\Component\HttpKernel\Exception\NotFoundHttpException: "No route found for "GET /bundles/sofidcommercant/images/icon/gray_18/Email-Filter-24.png"" at F:\wamp\www\armel_symfony\app\cache\prod\classes.php line 3627 [] []
[2014-06-30 01:50:24] request.ERROR: Uncaught PHP Exception Symfony\Component\HttpKernel\Exception\NotFoundHttpException: "No route found for "GET /bundles/sofidcommercant/images/icon/gray_18/Email-Filter-24.png"" at F:\wamp\www\armel_symfony\app\cache\prod\classes.php line 3627 [] []
[2014-06-30 01:59:26] request.ERROR: Uncaught PHP Exception Symfony\Component\HttpKernel\Exception\NotFoundHttpException: "No route found for "GET /bundles/sofidcommercant/images/icon/gray_18/email.png"" at F:\wamp\www\armel_symfony\app\cache\prod\classes.php line 3627 [] []
[2014-06-30 01:59:36] request.ERROR: Uncaught PHP Exception Symfony\Component\HttpKernel\Exception\NotFoundHttpException: "No route found for "GET /bundles/sofidcommercant/images/icon/gray_18/email.png"" at F:\wamp\www\armel_symfony\app\cache\prod\classes.php line 3627 [] []
[2014-07-01 00:40:17] request.ERROR: Uncaught PHP Exception Symfony\Component\HttpKernel\Exception\NotFoundHttpException: "No route found for "GET /bundles/sofidcommercant/images/favicon2.ico"" at F:\wamp\www\armel_symfony\app\cache\prod\classes.php line 3627 [] []
[2014-07-01 00:40:18] request.ERROR: Uncaught PHP Exception Symfony\Component\HttpKernel\Exception\NotFoundHttpException: "No route found for "GET /bundles/sofidcommercant/images/favicon2.ico"" at F:\wamp\www\armel_symfony\app\cache\prod\classes.php line 3627 [] []
[2014-07-01 00:40:57] request.ERROR: Uncaught PHP Exception Symfony\Component\HttpKernel\Exception\NotFoundHttpException: "No route found for "GET /bundles/sofidcommercant/images/favicon2.ico"" at F:\wamp\www\armel_symfony\app\cache\prod\classes.php line 3627 [] []
[2014-07-01 00:40:59] request.ERROR: Uncaught PHP Exception Symfony\Component\HttpKernel\Exception\NotFoundHttpException: "No route found for "GET /bundles/sofidcommercant/images/favicon2.ico"" at F:\wamp\www\armel_symfony\app\cache\prod\classes.php line 3627 [] []
[2014-07-01 00:40:59] request.ERROR: Uncaught PHP Exception Symfony\Component\HttpKernel\Exception\NotFoundHttpException: "No route found for "GET /bundles/sofidcommercant/images/favicon2.ico"" at F:\wamp\www\armel_symfony\app\cache\prod\classes.php line 3627 [] []
[2014-07-01 00:40:59] request.ERROR: Uncaught PHP Exception Symfony\Component\HttpKernel\Exception\NotFoundHttpException: "No route found for "GET /bundles/sofidcommercant/images/favicon2.ico"" at F:\wamp\www\armel_symfony\app\cache\prod\classes.php line 3627 [] []
[2014-07-09 00:55:06] request.ERROR: Uncaught PHP Exception Symfony\Component\HttpKernel\Exception\NotFoundHttpException: "No route found for "GET /bundles/sofidcommercant/images/favicon2.ico"" at F:\wamp\www\armel_symfony\vendor\symfony\symfony\src\Symfony\Component\HttpKernel\EventListener\RouterListener.php line 94 [] []
[2014-07-11 01:09:33] request.ERROR: Uncaught PHP Exception Symfony\Component\HttpKernel\Exception\NotFoundHttpException: "No route found for "GET /bundles/sofidcommercant/images/favicon2.ico"" at F:\wamp\www\armel_symfony\app\cache\prod\classes.php line 3627 [] []
[2014-07-11 01:09:35] request.ERROR: Uncaught PHP Exception Symfony\Component\HttpKernel\Exception\NotFoundHttpException: "No route found for "GET /bundles/sofidcommercant/images/favicon2.ico"" at F:\wamp\www\armel_symfony\app\cache\prod\classes.php line 3627 [] []
[2014-07-11 01:23:12] request.ERROR: Uncaught PHP Exception Symfony\Component\HttpKernel\Exception\NotFoundHttpException: "No route found for "GET /bundles/sofidcommercant/js/jquery.upload.js"" at F:\wamp\www\armel_symfony\app\cache\prod\classes.php line 3627 [] []
[2014-07-11 01:23:14] request.ERROR: Uncaught PHP Exception Symfony\Component\HttpKernel\Exception\NotFoundHttpException: "No route found for "GET /bundles/sofidcommercant/js/jquery.upload.js"" at F:\wamp\www\armel_symfony\app\cache\prod\classes.php line 3627 [] []
[2014-07-14 23:53:30] request.ERROR: Uncaught PHP Exception Symfony\Component\HttpKernel\Exception\NotFoundHttpException: "No route found for "GET /bundles/sofidcommercant/images/favicon2.ico"" at F:\wamp\www\armel_symfony\app\cache\prod\classes.php line 3627 [] []
[2014-07-14 23:53:31] request.ERROR: Uncaught PHP Exception Symfony\Component\HttpKernel\Exception\NotFoundHttpException: "No route found for "GET /bundles/sofidcommercant/images/favicon2.ico"" at F:\wamp\www\armel_symfony\app\cache\prod\classes.php line 3627 [] []
[2014-07-16 00:27:37] request.ERROR: Uncaught PHP Exception Symfony\Component\HttpKernel\Exception\NotFoundHttpException: "No route found for "GET /bundles/sofidcommercant/images/favicon2.ico"" at F:\wamp\www\armel_symfony\app\cache\prod\classes.php line 3627 [] []
[2014-07-16 00:27:39] request.ERROR: Uncaught PHP Exception Symfony\Component\HttpKernel\Exception\NotFoundHttpException: "No route found for "GET /bundles/sofidcommercant/images/favicon2.ico"" at F:\wamp\www\armel_symfony\app\cache\prod\classes.php line 3627 [] []
[2014-07-17 01:08:28] request.ERROR: Uncaught PHP Exception Symfony\Component\HttpKernel\Exception\NotFoundHttpException: "No route found for "GET /bundles/sofidcommercant/images/favicon2.ico"" at F:\wamp\www\armel_symfony\app\cache\prod\classes.php line 3627 [] []
[2014-07-17 01:08:29] request.ERROR: Uncaught PHP Exception Symfony\Component\HttpKernel\Exception\NotFoundHttpException: "No route found for "GET /bundles/sofidcommercant/images/favicon2.ico"" at F:\wamp\www\armel_symfony\app\cache\prod\classes.php line 3627 [] []
[2014-07-17 01:11:46] request.ERROR: Uncaught PHP Exception Symfony\Component\HttpKernel\Exception\NotFoundHttpException: "No route found for "GET /bundles/sofidcommercant/js/jquery.upload.js"" at F:\wamp\www\armel_symfony\app\cache\prod\classes.php line 3627 [] []
[2014-07-17 01:11:50] request.ERROR: Uncaught PHP Exception Symfony\Component\HttpKernel\Exception\NotFoundHttpException: "No route found for "GET /bundles/sofidcommercant/js/jquery.upload.js"" at F:\wamp\www\armel_symfony\app\cache\prod\classes.php line 3627 [] []
[2014-07-18 00:34:05] request.ERROR: Uncaught PHP Exception Symfony\Component\HttpKernel\Exception\NotFoundHttpException: "No route found for "GET /bundles/sofidcommercant/images/favicon2.ico"" at F:\wamp\www\armel_symfony\app\cache\prod\classes.php line 3627 [] []
[2014-07-18 00:34:06] request.ERROR: Uncaught PHP Exception Symfony\Component\HttpKernel\Exception\NotFoundHttpException: "No route found for "GET /bundles/sofidcommercant/images/favicon2.ico"" at F:\wamp\www\armel_symfony\app\cache\prod\classes.php line 3627 [] []
[2014-07-18 01:53:16] request.ERROR: Uncaught PHP Exception Symfony\Component\HttpKernel\Exception\NotFoundHttpException: "No route found for "GET /commercant/sms/images/icon/totop.png"" at F:\wamp\www\armel_symfony\app\cache\prod\classes.php line 3627 [] []
[2014-07-18 01:54:17] request.ERROR: Uncaught PHP Exception Symfony\Component\HttpKernel\Exception\NotFoundHttpException: "No route found for "GET /commercant/sms/images/icon/totop.png"" at F:\wamp\www\armel_symfony\app\cache\prod\classes.php line 3627 [] []
[2014-07-18 02:04:25] request.ERROR: Uncaught PHP Exception Symfony\Component\HttpKernel\Exception\NotFoundHttpException: "No route found for "GET /commercant/sms/images/icon/totop.png"" at F:\wamp\www\armel_symfony\app\cache\prod\classes.php line 3627 [] []
[2014-07-25 13:34:53] request.ERROR: Uncaught PHP Exception Symfony\Component\HttpKernel\Exception\NotFoundHttpException: "No route found for "GET /bundles/sofidcommercant/images/favicon2.ico"" at F:\wamp\www\armel_symfony\app\cache\prod\classes.php line 3627 [] []
[2014-07-25 13:34:54] request.ERROR: Uncaught PHP Exception Symfony\Component\HttpKernel\Exception\NotFoundHttpException: "No route found for "GET /bundles/sofidcommercant/images/favicon2.ico"" at F:\wamp\www\armel_symfony\app\cache\prod\classes.php line 3627 [] []
